生成启动时间为 2016/9/5 5:08:13。
     1>项目“D:\4650lab\FBImagesD\FBImagesD\FBImagesD.vcxproj”在节点 2 上(build 个目标)。
     1>InitializeBuildStatus:
         正在对“Debug\FBImagesD.unsuccessfulbuild”执行 Touch 任务。
       ClCompile:
         F:\visual studio 10.0\VC\bin\CL.exe /c /ZI /nologo /W3 /WX- /Od /Oy- /D WIN32 /D _DEBUG /D _CONSOLE /D _UNICODE /D UNICODE /Gm /EHsc /RTC1 /MDd /GS /fp:precise /Zc:wchar_t /Zc:forScope /Fo"Debug\\" /Fd"Debug\vc100.pdb" /Gd /TP /analyze- /errorReport:prompt main.cpp
         main.cpp
     1>d:\4650lab\fbimagesd\fbimagesd\main.cpp(97): warning C4018: “<”: 有符号/无符号不匹配
     1>d:\4650lab\fbimagesd\fbimagesd\main.cpp(146): error C2065: “BruteForceMatcher”: 未声明的标识符
     1>d:\4650lab\fbimagesd\fbimagesd\main.cpp(146): error C2146: 语法错误: 缺少“;”(在标识符“matcher”的前面)
     1>d:\4650lab\fbimagesd\fbimagesd\main.cpp(146): error C2065: “matcher”: 未声明的标识符
     1>d:\4650lab\fbimagesd\fbimagesd\main.cpp(159): error C2065: “matcher”: 未声明的标识符
     1>d:\4650lab\fbimagesd\fbimagesd\main.cpp(159): error C2228: “.match”的左边必须有类/结构/联合
                 类型是“'unknown-type'”
     1>已完成生成项目“D:\4650lab\FBImagesD\FBImagesD\FBImagesD.vcxproj”(build 个目标)的操作 - 失败。

生成失败。

已用时间 00:00:01.16
